-- Test vector operations
SELECT vector_add('[1.0, 2.0]'::vector, '[3.0, 4.0]'::vector);
 vector_add 
------------
 [4,6]
(1 row)

SELECT vector_sub('[5.0, 7.0]'::vector, '[2.0, 3.0]'::vector);
 vector_sub 
------------
 [3,4]
(1 row)

SELECT vector_mul('[2.0, 3.0]'::vector, 2.5);
 vector_mul 
------------
 [5,7.5]
(1 row)

-- Test vector dimensions
SELECT vector_dims('[1.0]'::vector);
 vector_dims 
-------------
           1
(1 row)

SELECT vector_dims('[1.0, 2.0]'::vector);
 vector_dims 
-------------
           2
(1 row)

SELECT vector_dims('[1.0, 2.0, 3.0, 4.0, 5.0]'::vector);
 vector_dims 
-------------
           5
(1 row)

-- Test array conversion
SELECT array_to_vector(ARRAY[1.0, 2.0, 3.0]::real[]);
 array_to_vector 
-----------------
 [1,2,3]
(1 row)

SELECT vector_to_array('[1.0, 2.0, 3.0]'::vector);
 vector_to_array 
-----------------
 {1,2,3}
(1 row)

