-- Test background worker management functions
SELECT proname, pronargs FROM pg_proc 
WHERE proname LIKE 'neuran%' 
ORDER BY proname;
     proname      | pronargs 
------------------+----------
 neurandefrag_run |        1
 neuranmon_sample |        0
 neuranq_run_once |        0
(3 rows)

-- Test manual worker execution (should not crash)
SELECT neuranq_run_once();
NOTICE:  neurondb: manually triggering neuranq batch processing
 neuranq_run_once 
------------------
 
(1 row)

SELECT neuranmon_sample();
NOTICE:  neurondb: manually triggering neuranmon sampling
 neuranmon_sample 
------------------
 
(1 row)

