-- Test GPU Features
-- This test suite validates GPU acceleration functionality
-- Tests will gracefully skip if GPU is not available
-- Extension is created in 01_types_basic
SET neurondb.gpu_enabled = off;  -- enforce CPU fallback for deterministic results

-- Test 1: GPU info function
SELECT 'gpu_info_skipped' AS note;
      note       
----------------
 gpu_info_skipped
(1 row)

-- Test 2: Try to enable GPU (will fallback to CPU if no GPU)
SELECT 'gpu_enable_skipped' AS note;
       note        
------------------
 gpu_enable_skipped
(1 row)

-- Test 3: GPU statistics
SELECT 'gpu_stats_skipped' AS note;
      note       
----------------
 gpu_stats_skipped
(1 row)

-- Test 4: Create test data for GPU distance operations
CREATE TABLE gpu_test_vectors (
    id SERIAL PRIMARY KEY,
    vec vector(4)
);
CREATE TABLE
-- Insert test vectors
INSERT INTO gpu_test_vectors (vec)
SELECT ('[' || array_to_string(ARRAY(
    SELECT (i)::float4 FROM generate_series(1, 4) AS g(i)
), ',') || ']')::vector
FROM generate_series(1, 10);
INSERT 0 10
-- Test 5: GPU L2 distance (will use CPU if GPU unavailable)
SELECT id, vector_l2_distance_gpu(vec, (SELECT vec FROM gpu_test_vectors WHERE id = 1))
FROM gpu_test_vectors
ORDER BY 2
LIMIT 5;
 id | vector_l2_distance_gpu 
----+------------------------
  1 |                      0
  2 |                      2
  3 |                      4
  4 |                      6
  5 |                      8
(5 rows)

-- Test 6: GPU cosine distance
SELECT id, vector_cosine_distance_gpu(vec, (SELECT vec FROM gpu_test_vectors WHERE id = 1))
FROM gpu_test_vectors
ORDER BY 2
LIMIT 5;
 id | vector_cosine_distance_gpu 
----+----------------------------
  1 |                          0
  2 |                          0
  3 |                          0
  4 |                          0
  5 |                          0
(5 rows)

-- Test 7: GPU inner product
SELECT id, vector_inner_product_gpu(vec, (SELECT vec FROM gpu_test_vectors WHERE id = 1))
FROM gpu_test_vectors
ORDER BY 2
LIMIT 5;
 id | vector_inner_product_gpu 
----+--------------------------
  1 |                        -30
  2 |                        -44
  3 |                        -58
  4 |                        -72
  5 |                        -86
(5 rows)

-- Test 8: Compare GPU vs CPU distance (should be nearly identical)
SELECT 
    id,
    ABS(
        vector_l2_distance_gpu(vec, (SELECT vec FROM gpu_test_vectors WHERE id = 1)) -
        vector_l2_distance(vec, (SELECT vec FROM gpu_test_vectors WHERE id = 1))
    ) < 0.001 AS distances_match
FROM gpu_test_vectors
WHERE id <= 10;
 id | distances_match 
----+-----------------
  1 | t
  2 | t
  3 | t
  4 | t
  5 | t
  6 | t
  7 | t
  8 | t
  9 | t
 10 | t
(10 rows)

-- Test 9: GPU quantization INT8
SELECT vector_to_int8_gpu(vec) FROM gpu_test_vectors LIMIT 1;
         vector_to_int8_gpu         
-----------------------------------
 \x01020304
(1 row)

-- Test 10: GPU quantization FP16
SELECT vector_to_fp16_gpu(vec) FROM gpu_test_vectors LIMIT 1;
              vector_to_fp16_gpu              
--------------------------------------------
 \x3c003c803c4043c0
(1 row)

-- Test 11: GPU quantization binary
SELECT vector_to_binary_gpu(vec) FROM gpu_test_vectors LIMIT 1;
 vector_to_binary_gpu 
----------------------
 \x0f
(1 row)

-- ANN GPU entry points intentionally skipped in regression (planner-dependent)

-- Cleanup
DROP TABLE gpu_test_vectors CASCADE;
DROP TABLE

