DROP EXTENSION
CREATE EXTENSION
SET
SET
SET
══════════════════════════════════════════════════════════════════
 Metal GPU Usage Verification Test
══════════════════════════════════════════════════════════════════

DEBUG:  building index "pg_toast_74255_index" on table "pg_toast_74255" serially
DEBUG:  index "pg_toast_74255_index" can safely use deduplication
SELECT 100

Test 1: Single GPU distance call (512 dimensions)
  This should trigger Metal initialization if working
Timing is on.
WARNING:  neurondb: GPU init failed. Using CPU fallback
 distance 
----------
 8.956660
(1 row)

Time: 0.603 ms
Timing is off.

Test 2: Multiple GPU distance calculations
Timing is on.
 total | avg_dist 
-------+----------
    45 |   9.1985
(1 row)

Time: 0.445 ms
Timing is off.

Test 3: Check for Metal-specific messages in output above
  Look for: "Attempting Metal GPU initialization"
  Look for: "Metal GPU backend active"
══════════════════════════════════════════════════════════════════
